<?xml version="1.0" encoding="UTF-8"?>
<!-- Generated by org.testng.reporters.JUnitXMLReporter -->
<testsuite ignored="0" hostname="DESKTOP-10UIOON" failures="0" tests="1" name="EdgeTest" time="0.072" errors="0" timestamp="2023-05-08T17:46:20 EDT">
  <testcase classname="testBase.BaseClass" name="@BeforeClass setup" time="0.019">
    <failure type="java.util.MissingResourceException" message="Can&amp;apos;t find bundle for base name , locale en_US">
      <![CDATA[java.util.MissingResourceException: Can't find bundle for base name , locale en_US
at java.base/java.util.ResourceBundle.throwMissingResourceException(ResourceBundle.java:2045)
at java.base/java.util.ResourceBundle.getBundleImpl(ResourceBundle.java:1683)
at java.base/java.util.ResourceBundle.getBundleImpl(ResourceBundle.java:1586)
at java.base/java.util.ResourceBundle.getBundleImpl(ResourceBundle.java:1549)
at java.base/java.util.ResourceBundle.getBundle(ResourceBundle.java:858)
at testBase.BaseClass.setup(BaseClass.java:30)
at java.base/java.util.ArrayList.forEach(ArrayList.java:1511)
at java.base/java.util.concurrent.FutureTask.run(FutureTask.java:264)
at java.base/java.util.concurrent.ThreadPoolExecutor.runWorker(ThreadPoolExecutor.java:1136)
at java.base/java.util.concurrent.ThreadPoolExecutor$Worker.run(ThreadPoolExecutor.java:635)
at java.base/java.lang.Thread.run(Thread.java:833)
... Removed 16 stack frames]]>
    </failure>
  </testcase> <!-- @BeforeClass setup -->
  <testcase classname="testBase.BaseClass" name="@AfterClass tearDown" time="-1.683582380917E9">
    <skipped/>
  </testcase> <!-- @AfterClass tearDown -->
  <testcase classname="testCases.TC_001_AccountRegistrationTest" name="test_account_Registration" time="0.0">
    <skipped/>
  </testcase> <!-- test_account_Registration -->
</testsuite> <!-- EdgeTest -->
